# JRE version: Java(TM) SE Runtime Environment (8.0_251-b08) (build 1.8.0_251-b08)
# Java VM: Java HotSpot(TM) Client VM (25.251-b08 mixed mode windows-x86 )
Heap:
 def new generation   total 6464K, used 6264K [0x04a00000, 0x05100000, 0x09f50000)
  eden space 5760K,  96% used [0x04a00000, 0x04f6e0f8, 0x04fa0000)
  from space 704K,  99% used [0x04fa0000, 0x0504fff8, 0x05050000)
  to   space 704K,   0% used [0x05050000, 0x05050000, 0x05100000)
 tenured generation   total 14236K, used 10580K [0x09f50000, 0x0ad37000, 0x14a00000)
   the space 14236K,  74% used [0x09f50000, 0x0a9a5290, 0x0a9a5400, 0x0ad37000)
 Metaspace       used 21748K, capacity 22644K, committed 22656K, reserved 22912K
GC Heap History (10 events):
Event: 11.289 GC heap before
{Heap before GC invocations=75 (full 2):
 def new generation   total 6464K, used 5760K [0x04a00000, 0x05100000, 0x09f50000)
  eden space 5760K, 100% used [0x04a00000, 0x04fa0000, 0x04fa0000)
  from space 704K,   0% used [0x04fa0000, 0x04fa0000, 0x05050000)
  to   space 704K,   0% used [0x05050000, 0x05050000, 0x05100000)
 tenured generation   total 14236K, used 8539K [0x09f50000, 0x0ad37000, 0x14a00000)
   the space 14236K,  59% used [0x09f50000, 0x0a7a6ee8, 0x0a7a7000, 0x0ad37000)
 Metaspace       used 18313K, capacity 19211K, committed 19328K, reserved 19840K
Event: 11.295 GC heap after
Heap after GC invocations=76 (full 2):
 def new generation   total 6464K, used 603K [0x04a00000, 0x05100000, 0x09f50000)
  eden space 5760K,   0% used [0x04a00000, 0x04a00000, 0x04fa0000)
  from space 704K,  85% used [0x05050000, 0x050e6f38, 0x05100000)
  to   space 704K,   0% used [0x04fa0000, 0x04fa0000, 0x05050000)
 tenured generation   total 14236K, used 8539K [0x09f50000, 0x0ad37000, 0x14a00000)
   the space 14236K,  59% used [0x09f50000, 0x0a7a6ee8, 0x0a7a7000, 0x0ad37000)
 Metaspace       used 18313K, capacity 19211K, committed 19328K, reserved 19840K
}
Event: 11.564 GC heap before
{Heap before GC invocations=76 (full 2):
 def new generation   total 6464K, used 6363K [0x04a00000, 0x05100000, 0x09f50000)
  eden space 5760K, 100% used [0x04a00000, 0x04fa0000, 0x04fa0000)
  from space 704K,  85% used [0x05050000, 0x050e6f38, 0x05100000)
  to   space 704K,   0% used [0x04fa0000, 0x04fa0000, 0x05050000)
 tenured generation   total 14236K, used 8539K [0x09f50000, 0x0ad37000, 0x14a00000)
   the space 14236K,  59% used [0x09f50000, 0x0a7a6ee8, 0x0a7a7000, 0x0ad37000)
 Metaspace       used 18846K, capacity 19773K, committed 19840K, reserved 19840K
Event: 11.571 GC heap after
Heap after GC invocations=77 (full 2):
 def new generation   total 6464K, used 701K [0x04a00000, 0x05100000, 0x09f50000)
  eden space 5760K,   0% used [0x04a00000, 0x04a00000, 0x04fa0000)
  from space 704K,  99% used [0x04fa0000, 0x0504f758, 0x05050000)
  to   space 704K,   0% used [0x05050000, 0x05050000, 0x05100000)
 tenured generation   total 14236K, used 8695K [0x09f50000, 0x0ad37000, 0x14a00000)
   the space 14236K,  61% used [0x09f50000, 0x0a7cde60, 0x0a7ce000, 0x0ad37000)
 Metaspace       used 18846K, capacity 19773K, committed 19840K, reserved 19840K
}
Event: 11.808 GC heap before
{Heap before GC invocations=77 (full 2):
 def new generation   total 6464K, used 6461K [0x04a00000, 0x05100000, 0x09f50000)
  eden space 5760K, 100% used [0x04a00000, 0x04fa0000, 0x04fa0000)
  from space 704K,  99% used [0x04fa0000, 0x0504f758, 0x05050000)
  to   space 704K,   0% used [0x05050000, 0x05050000, 0x05100000)
 tenured generation   total 14236K, used 8695K [0x09f50000, 0x0ad37000, 0x14a00000)
   the space 14236K,  61% used [0x09f50000, 0x0a7cde60, 0x0a7ce000, 0x0ad37000)
 Metaspace       used 19573K, capacity 20477K, committed 20480K, reserved 20864K
Event: 11.815 GC heap after
Heap after GC invocations=78 (full 2):
 def new generation   total 6464K, used 703K [0x04a00000, 0x05100000, 0x09f50000)
  eden space 5760K,   0% used [0x04a00000, 0x04a00000, 0x04fa0000)
  from space 704K,  99% used [0x05050000, 0x050fff38, 0x05100000)
  to   space 704K,   0% used [0x04fa0000, 0x04fa0000, 0x05050000)
 tenured generation   total 14236K, used 9158K [0x09f50000, 0x0ad37000, 0x14a00000)
   the space 14236K,  64% used [0x09f50000, 0x0a841850, 0x0a841a00, 0x0ad37000)
 Metaspace       used 19573K, capacity 20477K, committed 20480K, reserved 20864K
}
Event: 12.012 GC heap before
{Heap before GC invocations=78 (full 2):
 def new generation   total 6464K, used 6463K [0x04a00000, 0x05100000, 0x09f50000)
  eden space 5760K, 100% used [0x04a00000, 0x04fa0000, 0x04fa0000)
  from space 704K,  99% used [0x05050000, 0x050fff38, 0x05100000)
  to   space 704K,   0% used [0x04fa0000, 0x04fa0000, 0x05050000)
 tenured generation   total 14236K, used 9158K [0x09f50000, 0x0ad37000, 0x14a00000)
   the space 14236K,  64% used [0x09f50000, 0x0a841850, 0x0a841a00, 0x0ad37000)
 Metaspace       used 20208K, capacity 21117K, committed 21120K, reserved 21888K
Event: 12.017 GC heap after
Heap after GC invocations=79 (full 2):
 def new generation   total 6464K, used 703K [0x04a00000, 0x05100000, 0x09f50000)
  eden space 5760K,   0% used [0x04a00000, 0x04a00000, 0x04fa0000)
  from space 704K,  99% used [0x04fa0000, 0x0504fff8, 0x05050000)
  to   space 704K,   0% used [0x05050000, 0x05050000, 0x05100000)
 tenured generation   total 14236K, used 9713K [0x09f50000, 0x0ad37000, 0x14a00000)
   the space 14236K,  68% used [0x09f50000, 0x0a8cc7a0, 0x0a8cc800, 0x0ad37000)
 Metaspace       used 20208K, capacity 21117K, committed 21120K, reserved 21888K
}
Event: 12.248 GC heap before
{Heap before GC invocations=79 (full 2):
 def new generation   total 6464K, used 6463K [0x04a00000, 0x05100000, 0x09f50000)
  eden space 5760K, 100% used [0x04a00000, 0x04fa0000, 0x04fa0000)
  from space 704K,  99% used [0x04fa0000, 0x0504fff8, 0x05050000)
  to   space 704K,   0% used [0x05050000, 0x05050000, 0x05100000)
 tenured generation   total 14236K, used 9713K [0x09f50000, 0x0ad37000, 0x14a00000)
   the space 14236K,  68% used [0x09f50000, 0x0a8cc7a0, 0x0a8cc800, 0x0ad37000)
 Metaspace       used 20721K, capacity 21629K, committed 21632K, reserved 21888K
Event: 12.252 GC heap after
Heap after GC invocations=80 (full 2):
 def new generation   total 6464K, used 690K [0x04a00000, 0x05100000, 0x09f50000)
  eden space 5760K,   0% used [0x04a00000, 0x04a00000, 0x04fa0000)
  from space 704K,  98% used [0x05050000, 0x050fca70, 0x05100000)
  to   space 704K,   0% used [0x04fa0000, 0x04fa0000, 0x05050000)
 tenured generation   total 14236K, used 10284K [0x09f50000, 0x0ad37000, 0x14a00000)
   the space 14236K,  72% used [0x09f50000, 0x0a95b070, 0x0a95b200, 0x0ad37000)
 Metaspace       used 20721K, capacity 21629K, committed 21632K, reserved 21888K
}

